  homewor3.cpp
\\Mac\Home\Desktop\Новая папка\homework7-main\homewor3\homewor3.cpp(13,10): warning C4566: character represented by universal-character-name '\u0412' cannot be represented in the current code page (1252)
\\Mac\Home\Desktop\Новая папка\homework7-main\homewor3\homewor3.cpp(13,10): warning C4566: character represented by universal-character-name '\u0432' cannot be represented in the current code page (1252)
\\Mac\Home\Desktop\Новая папка\homework7-main\homewor3\homewor3.cpp(13,10): warning C4566: character represented by universal-character-name '\u0435' cannot be represented in the current code page (1252)
\\Mac\Home\Desktop\Новая папка\homework7-main\homewor3\homewor3.cpp(13,10): warning C4566: character represented by universal-character-name '\u0434' cannot be represented in the current code page (1252)
\\Mac\Home\Desktop\Новая папка\homework7-main\homewor3\homewor3.cpp(13,10): warning C4566: character represented by universal-character-name '\u0438' cannot be represented in the current code page (1252)
\\Mac\Home\Desktop\Новая папка\homework7-main\homewor3\homewor3.cpp(13,10): warning C4566: character represented by universal-character-name '\u0442' cannot be represented in the current code page (1252)
\\Mac\Home\Desktop\Новая папка\homework7-main\homewor3\homewor3.cpp(17,10): warning C4566: character represented by universal-character-name '\u0412' cannot be represented in the current code page (1252)
\\Mac\Home\Desktop\Новая папка\homework7-main\homewor3\homewor3.cpp(17,10): warning C4566: character represented by universal-character-name '\u0432' cannot be represented in the current code page (1252)
\\Mac\Home\Desktop\Новая папка\homework7-main\homewor3\homewor3.cpp(17,10): warning C4566: character represented by universal-character-name '\u0435' cannot be represented in the current code page (1252)
\\Mac\Home\Desktop\Новая папка\homework7-main\homewor3\homewor3.cpp(17,10): warning C4566: character represented by universal-character-name '\u0434' cannot be represented in the current code page (1252)
\\Mac\Home\Desktop\Новая папка\homework7-main\homewor3\homewor3.cpp(17,10): warning C4566: character represented by universal-character-name '\u0438' cannot be represented in the current code page (1252)
\\Mac\Home\Desktop\Новая папка\homework7-main\homewor3\homewor3.cpp(17,10): warning C4566: character represented by universal-character-name '\u0442' cannot be represented in the current code page (1252)
\\Mac\Home\Desktop\Новая папка\homework7-main\homewor3\homewor3.cpp(35,10): warning C4566: character represented by universal-character-name '\u0412' cannot be represented in the current code page (1252)
\\Mac\Home\Desktop\Новая папка\homework7-main\homewor3\homewor3.cpp(35,10): warning C4566: character represented by universal-character-name '\u0432' cannot be represented in the current code page (1252)
\\Mac\Home\Desktop\Новая папка\homework7-main\homewor3\homewor3.cpp(35,10): warning C4566: character represented by universal-character-name '\u0435' cannot be represented in the current code page (1252)
\\Mac\Home\Desktop\Новая папка\homework7-main\homewor3\homewor3.cpp(35,10): warning C4566: character represented by universal-character-name '\u0434' cannot be represented in the current code page (1252)
\\Mac\Home\Desktop\Новая папка\homework7-main\homewor3\homewor3.cpp(35,10): warning C4566: character represented by universal-character-name '\u0438' cannot be represented in the current code page (1252)
\\Mac\Home\Desktop\Новая папка\homework7-main\homewor3\homewor3.cpp(35,10): warning C4566: character represented by universal-character-name '\u0442' cannot be represented in the current code page (1252)
\\Mac\Home\Desktop\Новая папка\homework7-main\homewor3\homewor3.cpp(39,10): warning C4566: character represented by universal-character-name '\u0412' cannot be represented in the current code page (1252)
\\Mac\Home\Desktop\Новая папка\homework7-main\homewor3\homewor3.cpp(39,10): warning C4566: character represented by universal-character-name '\u0432' cannot be represented in the current code page (1252)
\\Mac\Home\Desktop\Новая папка\homework7-main\homewor3\homewor3.cpp(39,10): warning C4566: character represented by universal-character-name '\u0435' cannot be represented in the current code page (1252)
\\Mac\Home\Desktop\Новая папка\homework7-main\homewor3\homewor3.cpp(39,10): warning C4566: character represented by universal-character-name '\u0434' cannot be represented in the current code page (1252)
\\Mac\Home\Desktop\Новая папка\homework7-main\homewor3\homewor3.cpp(39,10): warning C4566: character represented by universal-character-name '\u0438' cannot be represented in the current code page (1252)
\\Mac\Home\Desktop\Новая папка\homework7-main\homewor3\homewor3.cpp(39,10): warning C4566: character represented by universal-character-name '\u0442' cannot be represented in the current code page (1252)
  Source.cpp
  Generating Code...
  homewor3.vcxproj -> \\Mac\Home\Desktop\Новая папка\homework7-main\x64\Debug\homewor3.exe
